{"uid":"4b4757e66a1912dae1a509f688f20b0f","name":"categories","children":[{"name":"Product defects","children":[{"name":"Element not found {By.className: glow-toaster-content}\r\nExpected: be visible\r\nScreenshot: file:/D:/a/compasswayTask/compasswayTask/build/reports/tests/1733625800565.0.png\r\nPage source: file:/D:/a/compasswayTask/compasswayTask/build/reports/tests/1733625800565.0.html\r\nTimeout: 3 s.\r\nCaused by: NoSuchElementException: no such element: Unable to locate element: {\"method\":\"css selector\",\"selector\":\".glow\\-toaster\\-content\"}","children":[{"name":"languageCanBeChanged","uid":"96478141c0884e94","parentUid":"5afa55412183218a9fe9f76c6b2b0bc3","status":"failed","time":{"start":1733625756284,"stop":1733625801581,"duration":45297},"flaky":false,"newFailed":false,"newPassed":false,"newBroken":false,"retriesCount":0,"retriesStatusChange":false,"parameters":[],"tags":[]}],"uid":"5afa55412183218a9fe9f76c6b2b0bc3"},{"name":"Element not found {By.className: glow-toaster-content}\r\nExpected: be visible\r\nScreenshot: file:/D:/a/compasswayTask/compasswayTask/build/reports/tests/1733625807153.1.png\r\nPage source: file:/D:/a/compasswayTask/compasswayTask/build/reports/tests/1733625807153.1.html\r\nTimeout: 3 s.\r\nCaused by: NoSuchElementException: no such element: Unable to locate element: {\"method\":\"css selector\",\"selector\":\".glow\\-toaster\\-content\"}","children":[{"name":"navigationThroughTopMenu","uid":"5c3c2bc14078daac","parentUid":"d5c256af0ac30d7b7322ec550646fa92","status":"failed","time":{"start":1733625801690,"stop":1733625807476,"duration":5786},"flaky":false,"newFailed":false,"newPassed":false,"newBroken":false,"retriesCount":0,"retriesStatusChange":false,"parameters":[],"tags":[]}],"uid":"d5c256af0ac30d7b7322ec550646fa92"},{"name":"Element not found {By.className: glow-toaster-content}\r\nExpected: be visible\r\nScreenshot: file:/D:/a/compasswayTask/compasswayTask/build/reports/tests/1733625813494.2.png\r\nPage source: file:/D:/a/compasswayTask/compasswayTask/build/reports/tests/1733625813494.2.html\r\nTimeout: 3 s.\r\nCaused by: NoSuchElementException: no such element: Unable to locate element: {\"method\":\"css selector\",\"selector\":\".glow\\-toaster\\-content\"}","children":[{"name":"mainPageShouldBeOpened","uid":"5915e56ab7daee1d","parentUid":"d40ab9af6bbae447e1533d302365be2a","status":"failed","time":{"start":1733625807476,"stop":1733625813822,"duration":6346},"flaky":false,"newFailed":false,"newPassed":false,"newBroken":false,"retriesCount":0,"retriesStatusChange":false,"parameters":[],"tags":[]}],"uid":"d40ab9af6bbae447e1533d302365be2a"}],"uid":"8fb3a91ba5aaf9de24cc8a92edc82b5d"}]}